[INFO] Scanning for projects...
[INFO] 
[INFO] ---------------< kz.ablaysharimov:TaskManagementSystem >----------------
[INFO] Building TaskManagementSystem 0.0.1-SNAPSHOT
[INFO]   from pom.xml
[INFO] --------------------------------[ jar ]---------------------------------
[INFO] 
[INFO] >>> spring-boot:4.0.6:run (default-cli) > test-compile @ TaskManagementSystem >>>
[INFO] 
[INFO] --- resources:3.3.1:resources (default-resources) @ TaskManagementSystem ---
[INFO] Copying 3 resources from src\main\resources to target\classes
[INFO] Copying 1 resource from src\main\resources to target\classes
[INFO] 
[INFO] --- compiler:3.14.1:compile (default-compile) @ TaskManagementSystem ---
[INFO] Nothing to compile - all classes are up to date.
[INFO] 
[INFO] --- resources:3.3.1:testResources (default-testResources) @ TaskManagementSystem ---
[INFO] skip non existing resourceDirectory C:\Users\samur\OneDrive\Desktop\TaskManagementSystem\src\test\resources
[INFO] 
[INFO] --- compiler:3.14.1:testCompile (default-testCompile) @ TaskManagementSystem ---
[INFO] Nothing to compile - all classes are up to date.
[INFO] 
[INFO] <<< spring-boot:4.0.6:run (default-cli) < test-compile @ TaskManagementSystem <<<
[INFO] 
[INFO] 
[INFO] --- spring-boot:4.0.6:run (default-cli) @ TaskManagementSystem ---
[INFO] Attaching agents: []
03:30:43,377 |-WARN in ch.qos.logback.core.rolling.SizeAndTimeBasedFNATP@5bda80bf - SizeAndTimeBasedFNATP class was renamed as SizeAndTimeBasedFileNamingAndTriggeringPolicy.
03:30:43,408 |-WARN in ch.qos.logback.core.rolling.SizeAndTimeBasedFNATP@5bda80bf - Direct use of either SizeAndTimeBasedFNATP or SizeAndTimeBasedFileNamingAndTriggeringPolicy 
03:30:43,408 |-WARN in ch.qos.logback.core.rolling.SizeAndTimeBasedFNATP@5bda80bf - is deprecated. Please use SizeAndTimeBasedRollingPolicy instead.
03:30:43,408 |-WARN in ch.qos.logback.core.rolling.SizeAndTimeBasedFNATP@5bda80bf - For more information see https://logback.qos.ch/manual/appenders.html#SizeAndTimeBasedRollingPolicy
03:30:43,417 |-WARN in ch.qos.logback.core.rolling.SizeAndTimeBasedFNATP@61078690 - SizeAndTimeBasedFNATP class was renamed as SizeAndTimeBasedFileNamingAndTriggeringPolicy.
03:30:43,418 |-WARN in ch.qos.logback.core.rolling.SizeAndTimeBasedFNATP@61078690 - Direct use of either SizeAndTimeBasedFNATP or SizeAndTimeBasedFileNamingAndTriggeringPolicy 
03:30:43,419 |-WARN in ch.qos.logback.core.rolling.SizeAndTimeBasedFNATP@61078690 - is deprecated. Please use SizeAndTimeBasedRollingPolicy instead.
03:30:43,419 |-WARN in ch.qos.logback.core.rolling.SizeAndTimeBasedFNATP@61078690 - For more information see https://logback.qos.ch/manual/appenders.html#SizeAndTimeBasedRollingPolicy

  .   ____          _            __ _ _
 /\\ / ___'_ __ _ _(_)_ __  __ _ \ \ \ \
( ( )\___ | '_ | '_| | '_ \/ _` | \ \ \ \
 \\/  ___)| |_)| | | | | || (_| |  ) ) ) )
  '  |____| .__|_| |_|_| |_\__, | / / / /
 =========|_|==============|___/=/_/_/_/

 :: Spring Boot ::                (v4.0.6)

2026-05-23 03:30:43 [main] INFO  k.a.t.SharimovAblayTaskManagementSystemApplication - Starting SharimovAblayTaskManagementSystemApplication using Java 21.0.10 with PID 19308 (C:\Users\samur\OneDrive\Desktop\TaskManagementSystem\target\classes started by samur in C:\Users\samur\OneDrive\Desktop\TaskManagementSystem)
2026-05-23 03:30:43 [main] DEBUG k.a.t.SharimovAblayTaskManagementSystemApplication - Running with Spring Boot v4.0.6, Spring v7.0.7
2026-05-23 03:30:43 [main] INFO  k.a.t.SharimovAblayTaskManagementSystemApplication - The following 1 profile is active: "dev"
2026-05-23 03:30:43 [background-preinit] INFO  o.h.validator.internal.util.Version - HV000001: Hibernate Validator 9.0.1.Final
2026-05-23 03:30:44 [main] INFO  o.s.d.r.c.RepositoryConfigurationDelegate - Bootstrapping Spring Data JPA repositories in DEFAULT mode.
2026-05-23 03:30:44 [main] INFO  o.s.d.r.c.RepositoryConfigurationDelegate - Finished Spring Data repository scanning in 54 ms. Found 6 JPA repository interfaces.
2026-05-23 03:30:44 [main] INFO  o.s.boot.tomcat.TomcatWebServer - Tomcat initialized with port 8080 (http)
2026-05-23 03:30:44 [main] INFO  o.a.coyote.http11.Http11NioProtocol - Initializing ProtocolHandler ["http-nio-8080"]
2026-05-23 03:30:44 [main] INFO  o.a.catalina.core.StandardService - Starting service [Tomcat]
2026-05-23 03:30:44 [main] INFO  o.a.catalina.core.StandardEngine - Starting Servlet engine: [Apache Tomcat/11.0.21]
2026-05-23 03:30:45 [main] INFO  o.s.b.w.c.s.WebApplicationContextInitializer - Root WebApplicationContext: initialization completed in 1512 ms
2026-05-23 03:30:45 [main] INFO  org.hibernate.orm.jpa - HHH008540: Processing PersistenceUnitInfo [name: default]
2026-05-23 03:30:45 [main] INFO  org.hibernate.orm.core - HHH000001: Hibernate ORM core version 7.2.12.Final
2026-05-23 03:30:45 [main] INFO  o.s.o.j.p.SpringPersistenceUnitInfo - No LoadTimeWeaver setup: ignoring JPA class transformer
2026-05-23 03:30:45 [main] INFO  com.zaxxer.hikari.HikariDataSource - HikariPool-1 - Starting...
2026-05-23 03:30:45 [main] INFO  com.zaxxer.hikari.pool.HikariPool - HikariPool-1 - Added connection org.postgresql.jdbc.PgConnection@27605b87
2026-05-23 03:30:45 [main] INFO  com.zaxxer.hikari.HikariDataSource - HikariPool-1 - Start completed.
2026-05-23 03:30:45 [main] WARN  org.hibernate.orm.deprecation - HHH90000025: PostgreSQLDialect does not need to be specified explicitly using 'hibernate.dialect' (remove the property setting and it will be selected by default)
2026-05-23 03:30:45 [main] INFO  o.hibernate.orm.connections.pooling - HHH10001005: Database info:
	Database JDBC URL [jdbc:postgresql://localhost:5432/project_db]
	Database driver: PostgreSQL JDBC Driver
	Database dialect: PostgreSQLDialect
	Database version: 18.0
	Default catalog/schema: project_db/public
	Autocommit mode: undefined/unknown
	Isolation level: READ_COMMITTED [default READ_COMMITTED]
	JDBC fetch size: none
	Pool: DataSourceConnectionProvider
	Minimum pool size: undefined/unknown
	Maximum pool size: undefined/unknown
2026-05-23 03:30:47 [main] INFO  org.hibernate.orm.core - HHH000489: No JTA platform available (set 'hibernate.transaction.jta.platform' to enable JTA platform integration)
2026-05-23 03:30:47 [main] INFO  o.s.o.j.LocalContainerEntityManagerFactoryBean - Initialized JPA EntityManagerFactory for persistence unit 'default'
2026-05-23 03:30:47 [main] INFO  o.s.d.j.r.q.QueryEnhancerFactories - Hibernate is in classpath; If applicable, HQL parser will be used.
2026-05-23 03:30:47 [main] WARN  o.s.aop.framework.CglibAopProxy - Unable to proxy interface-implementing method [public final void org.springframework.web.filter.GenericFilterBean.init(jakarta.servlet.FilterConfig) throws jakarta.servlet.ServletException] because it is marked as final, consider using interface-based JDK proxies instead.
2026-05-23 03:30:47 [main] INFO  o.s.b.web.servlet.RegistrationBean - Filter jwtAuthenticationFilterRegistration was not registered (disabled)
2026-05-23 03:30:48 [main] INFO  o.s.s.c.a.a.c.InitializeUserDetailsBeanManagerConfigurer$InitializeUserDetailsManagerConfigurer - Global AuthenticationManager configured with UserDetailsService bean with name ablaySharimovUserDetailsServiceImpl
2026-05-23 03:30:49 [main] WARN  o.s.b.j.a.JpaBaseConfiguration$JpaWebConfiguration - spring.jpa.open-in-view is enabled by default. Therefore, database queries may be performed during view rendering. Explicitly configure spring.jpa.open-in-view to disable this warning
2026-05-23 03:30:50 [main] INFO  o.s.b.a.e.web.EndpointLinksResolver - Exposing 3 endpoints beneath base path '/actuator'
2026-05-23 03:30:50 [main] DEBUG o.s.s.web.DefaultSecurityFilterChain - Will secure any request with filters: DisableEncodeUrlFilter, WebAsyncManagerIntegrationFilter, SecurityContextHolderFilter, HeaderWriterFilter, CorsFilter, CorsFilter, LogoutFilter, AblaySharimovJwtAuthenticationFilter$$SpringCGLIB$$0, RequestCacheAwareFilter, SecurityContextHolderAwareRequestFilter, AnonymousAuthenticationFilter, SessionManagementFilter, ExceptionTranslationFilter, AuthorizationFilter
2026-05-23 03:30:51 [main] INFO  o.a.coyote.http11.Http11NioProtocol - Starting ProtocolHandler ["http-nio-8080"]
2026-05-23 03:30:51 [main] INFO  o.s.boot.tomcat.TomcatWebServer - Tomcat started on port 8080 (http) with context path '/'
2026-05-23 03:30:51 [main] INFO  k.a.t.SharimovAblayTaskManagementSystemApplication - Started SharimovAblayTaskManagementSystemApplication in 8.676 seconds (process running for 8.987)
[INFO] ------------------------------------------------------------------------
[INFO] BUILD FAILURE
[INFO] ------------------------------------------------------------------------
[INFO] Total time:  01:40 min
[INFO] Finished at: 2026-05-23T03:32:20+05:00
[INFO] ------------------------------------------------------------------------
[ERROR] Failed to execute goal org.springframework.boot:spring-boot-maven-plugin:4.0.6:run (default-cli) on project TaskManagementSystem: Process terminated with exit code: -1 -> [Help 1]
[ERROR] 
[ERROR] To see the full stack trace of the errors, re-run Maven with the -e switch.
[ERROR] Re-run Maven using the -X switch to enable full debug logging.
[ERROR] 
[ERROR] For more information about the errors and possible solutions, please read the following articles:
[ERROR] [Help 1] http://cwiki.apache.org/confluence/display/MAVEN/MojoExecutionException
